<?xml version="1.0" encoding="UTF-8"?>
<testng-results ignored="0" total="3" passed="3" failed="0" skipped="0">
  <reporter-output>
  </reporter-output>
  <suite started-at="2022-11-07T14:37:11 CET" name="Default suite" finished-at="2022-11-07T14:38:01 CET" duration-ms="49743">
    <groups>
    </groups>
    <test started-at="2022-11-07T14:37:11 CET" name="Default test" finished-at="2022-11-07T14:38:01 CET" duration-ms="49743">
      <class name="scripting.Testcase3">
        <test-method is-config="true" signature="openApp()[pri:0, instance:scripting.Testcase3@50a638b5]" started-at="2022-11-07T14:37:11 CET" name="openApp" finished-at="2022-11-07T14:37:21 CET" duration-ms="9280" status="PASS">
          <reporter-output>
          </reporter-output>
        </test-method> <!-- openApp -->
        <test-method signature="tc3()[pri:0, instance:scripting.Testcase3@50a638b5]" started-at="2022-11-07T14:37:21 CET" name="tc3" finished-at="2022-11-07T14:37:27 CET" duration-ms="6103" status="PASS">
          <reporter-output>
          </reporter-output>
        </test-method> <!-- tc3 -->
        <test-method is-config="true" signature="closeApp(org.testng.ITestResult)[pri:0, instance:scripting.Testcase3@50a638b5]" started-at="2022-11-07T14:37:27 CET" name="closeApp" finished-at="2022-11-07T14:37:30 CET" duration-ms="3165" status="PASS">
          <params>
            <param index="0">
              <value>
                <![CDATA[[TestResult name=tc3 status=SUCCESS method=Testcase3.tc3()[pri:0, instance:scripting.Testcase3@50a638b5] output={null}]]]>
              </value>
            </param>
          </params>
          <reporter-output>
          </reporter-output>
        </test-method> <!-- closeApp -->
      </class> <!-- scripting.Testcase3 -->
      <class name="scripting.Testcase1">
        <test-method is-config="true" signature="openApp()[pri:0, instance:scripting.Testcase1@6eda5c9]" started-at="2022-11-07T14:37:30 CET" name="openApp" finished-at="2022-11-07T14:37:38 CET" duration-ms="8275" status="PASS">
          <reporter-output>
          </reporter-output>
        </test-method> <!-- openApp -->
        <test-method signature="tcl()[pri:0, instance:scripting.Testcase1@6eda5c9]" started-at="2022-11-07T14:37:38 CET" name="tcl" finished-at="2022-11-07T14:37:42 CET" duration-ms="4001" status="PASS">
          <reporter-output>
          </reporter-output>
        </test-method> <!-- tcl -->
        <test-method is-config="true" signature="closeApp(org.testng.ITestResult)[pri:0, instance:scripting.Testcase1@6eda5c9]" started-at="2022-11-07T14:37:42 CET" name="closeApp" finished-at="2022-11-07T14:37:45 CET" duration-ms="3158" status="PASS">
          <params>
            <param index="0">
              <value>
                <![CDATA[[TestResult name=tcl status=SUCCESS method=Testcase1.tcl()[pri:0, instance:scripting.Testcase1@6eda5c9] output={null}]]]>
              </value>
            </param>
          </params>
          <reporter-output>
          </reporter-output>
        </test-method> <!-- closeApp -->
      </class> <!-- scripting.Testcase1 -->
      <class name="scripting.Testcase2">
        <test-method is-config="true" signature="openApp()[pri:0, instance:scripting.Testcase2@55b7a4e0]" started-at="2022-11-07T14:37:45 CET" name="openApp" finished-at="2022-11-07T14:37:53 CET" duration-ms="7721" status="PASS">
          <reporter-output>
          </reporter-output>
        </test-method> <!-- openApp -->
        <test-method signature="tc2()[pri:0, instance:scripting.Testcase2@55b7a4e0]" started-at="2022-11-07T14:37:53 CET" name="tc2" finished-at="2022-11-07T14:37:58 CET" duration-ms="4689" status="PASS">
          <reporter-output>
          </reporter-output>
        </test-method> <!-- tc2 -->
        <test-method is-config="true" signature="closeApp(org.testng.ITestResult)[pri:0, instance:scripting.Testcase2@55b7a4e0]" started-at="2022-11-07T14:37:58 CET" name="closeApp" finished-at="2022-11-07T14:38:01 CET" duration-ms="3311" status="PASS">
          <params>
            <param index="0">
              <value>
                <![CDATA[[TestResult name=tc2 status=SUCCESS method=Testcase2.tc2()[pri:0, instance:scripting.Testcase2@55b7a4e0] output={null}]]]>
              </value>
            </param>
          </params>
          <reporter-output>
          </reporter-output>
        </test-method> <!-- closeApp -->
      </class> <!-- scripting.Testcase2 -->
    </test> <!-- Default test -->
  </suite> <!-- Default suite -->
</testng-results>
